A1A2A3A4A5A6
FFFFFFFFFFFF
7789C4E77A8D
8CA691EFBA95
0B4E09951C69
90CFF4E6B28F
63FA49E35C47
26B676033B44
7F1F7BE5657C
69DEEF3BD71F
0F7A61169BE1
F2EF5DAE957E
984D9DFF3947
B9FAA2FAC9C3
B8BD6520563A
49676DBADABB
5CB8C41082B5
6AC1A2BC4BC3
D7250743EACD
29EC606AC18B
8848CE046500
48A0E0338697
62822EB4F7A9
12604B246091
DC2A1E9B0DFD
E03F287828A8
675D504A265D
A0FCA06F744D
71ADAD8CD992
614A60056503
F911C9B1967C
ECE1B858D9C4
99BFB9A86432
470FC96B60A6
7EC35308D248
F4ACAB103F3B
F6CDECC24549
8C78650F82DE
315194397204
FA0609D660B0
41AF9E4688F8
86988C817CC8
65D05CAC6E9F
A56FF84220AF
3DB4795A0A7C
9F83513E8DE6
C13147EC5245
E6BACEDFA7C1
A910CCF61F49
929522EF3C93
26ABCC6D86E5
D50D4D32A7ED
7151ECBB2CE8
6A883E47DE07
BD4D529ED116
23EF19DE1053
775C5542AB9F
3DC336139AD6
B14A2142DCD9
E42A3C3ACB70
8C1181FFDD55
BDEAD7E956D2
28C4694900E9
5C7DC1F0465E
653A29889BB0
6FA3BB47F3C9
05F48849BE69
F3C58A859E7F
7232BA03E982
02FBDF09172B
E2CC4F0B3213
75D939EA3476
294A51F7F425
96DDF30CD0D1
C89F62A5BBA8
AEE1A2CA3F01
E78EFBAEEC10
50CD8025956F
47265A6AD320
B4D3CE4BD765
45552AD409E4
CF7F32267859
6AC87135C879
607E295F36D1
AF698E3044FF
FD594FB91D15
9E59B1B997CF
C6B21304EFD5
16024B8CB86F
5F5668E2F2BD
00D9235390D8
7F5F1FC8D191
63FF5D6ABAB3
DB1F9E2C9A26
0B06D34BEE8D
6E3BADEF2903
2A53D3E28DCB
BDD383D6BA7C
5C43A75C65A0
0CBA62961755
